[INFO] Module zlib/1.3.1 loaded.
[INFO] Module binutils/2.42 loaded.
[INFO] Module GCCcore/13.3.0 loaded.
[INFO] Module zlib/1.3.1 loaded.
[INFO] Module binutils/2.42 loaded.
[INFO] Module Python/3.12.3 loaded.
[INFO] Module CUDA/12.6.3 loaded.
W0625 08:48:33.862000 346396 torch/distributed/run.py:793] 
W0625 08:48:33.862000 346396 torch/distributed/run.py:793] *****************************************
W0625 08:48:33.862000 346396 torch/distributed/run.py:793] Setting OMP_NUM_THREADS environment variable for each process to be 1 in default, to avoid your system being overloaded, please further tune the variable for optimal performance in your application as needed. 
W0625 08:48:33.862000 346396 torch/distributed/run.py:793] *****************************************
/rwthfs/rz/cluster/home/yh522379/lab/piano-transformer/Moonbeam-MIDI-Foundation-Model/src/llama_recipes/model_checkpointing/checkpoint_handler.py:17: DeprecationWarning: `torch.distributed._shard.checkpoint` will be deprecated, use `torch.distributed.checkpoint` instead
  from torch.distributed._shard.checkpoint import (
/rwthfs/rz/cluster/home/yh522379/lab/piano-transformer/Moonbeam-MIDI-Foundation-Model/src/llama_recipes/model_checkpointing/checkpoint_handler.py:17: DeprecationWarning: `torch.distributed._shard.checkpoint` will be deprecated, use `torch.distributed.checkpoint` instead
  from torch.distributed._shard.checkpoint import (
/rwthfs/rz/cluster/home/yh522379/lab/piano-transformer/Moonbeam-MIDI-Foundation-Model/src/llama_recipes/utils/train_utils.py:9: UserWarning: pkg_resources is deprecated as an API. See https://setuptools.pypa.io/en/latest/pkg_resources.html. The pkg_resources package is slated for removal as early as 2025-11-30. Refrain from using this package or pin to Setuptools<81.
  from pkg_resources import packaging
/rwthfs/rz/cluster/home/yh522379/lab/piano-transformer/Moonbeam-MIDI-Foundation-Model/src/llama_recipes/utils/train_utils.py:9: UserWarning: pkg_resources is deprecated as an API. See https://setuptools.pypa.io/en/latest/pkg_resources.html. The pkg_resources package is slated for removal as early as 2025-11-30. Refrain from using this package or pin to Setuptools<81.
  from pkg_resources import packaging
/rwthfs/rz/cluster/home/yh522379/lab/piano-transformer/Moonbeam-MIDI-Foundation-Model/src/llama_recipes/real_finetuning_uncon_gen.py:148: FutureWarning: You are using `torch.load` with `weights_only=False` (the current default value), which uses the default pickle module implicitly. It is possible to construct malicious pickle data which will execute arbitrary code during unpickling (See https://github.com/pytorch/pytorch/blob/main/SECURITY.md#untrusted-models for more details). In a future release, the default value for `weights_only` will be flipped to `True`. This limits the functions that could be executed during unpickling. Arbitrary objects will no longer be allowed to be loaded via this mode unless they are explicitly allowlisted by the user via `torch.serialization.add_safe_globals`. We recommend you start setting `weights_only=True` for any use case where you don't have full control of the loaded file. Please open an issue on GitHub for any issues related to this experimental feature.
  model_checkpoint = torch.load(train_config.trained_checkpoint_path)
/rwthfs/rz/cluster/home/yh522379/lab/piano-transformer/Moonbeam-MIDI-Foundation-Model/src/llama_recipes/real_finetuning_uncon_gen.py:148: FutureWarning: You are using `torch.load` with `weights_only=False` (the current default value), which uses the default pickle module implicitly. It is possible to construct malicious pickle data which will execute arbitrary code during unpickling (See https://github.com/pytorch/pytorch/blob/main/SECURITY.md#untrusted-models for more details). In a future release, the default value for `weights_only` will be flipped to `True`. This limits the functions that could be executed during unpickling. Arbitrary objects will no longer be allowed to be loaded via this mode unless they are explicitly allowlisted by the user via `torch.serialization.add_safe_globals`. We recommend you start setting `weights_only=True` for any use case where you don't have full control of the loaded file. Please open an issue on GitHub for any issues related to this experimental feature.
  model_checkpoint = torch.load(train_config.trained_checkpoint_path)
W0625 08:49:09.226000 346396 torch/distributed/elastic/multiprocessing/api.py:897] Sending process 346436 closing signal SIGTERM
E0625 08:49:09.647000 346396 torch/distributed/elastic/multiprocessing/api.py:869] failed (exitcode: -9) local_rank: 1 (pid: 346437) of binary: /rwthfs/rz/cluster/home/yh522379/lab/piano-transformer/Moonbeam-MIDI-Foundation-Model/.venv-moonbeam/bin/python3
Traceback (most recent call last):
  File "/rwthfs/rz/cluster/home/yh522379/lab/piano-transformer/Moonbeam-MIDI-Foundation-Model/.venv-moonbeam/bin/torchrun", line 10, in <module>
    sys.exit(main())
             ^^^^^^
  File "/rwthfs/rz/cluster/home/yh522379/lab/piano-transformer/Moonbeam-MIDI-Foundation-Model/.venv-moonbeam/lib/python3.12/site-packages/torch/distributed/elastic/multiprocessing/errors/__init__.py", line 355, in wrapper
    return f(*args, **kwargs)
           ^^^^^^^^^^^^^^^^^^
  File "/rwthfs/rz/cluster/home/yh522379/lab/piano-transformer/Moonbeam-MIDI-Foundation-Model/.venv-moonbeam/lib/python3.12/site-packages/torch/distributed/run.py", line 919, in main
    run(args)
  File "/rwthfs/rz/cluster/home/yh522379/lab/piano-transformer/Moonbeam-MIDI-Foundation-Model/.venv-moonbeam/lib/python3.12/site-packages/torch/distributed/run.py", line 910, in run
    elastic_launch(
  File "/rwthfs/rz/cluster/home/yh522379/lab/piano-transformer/Moonbeam-MIDI-Foundation-Model/.venv-moonbeam/lib/python3.12/site-packages/torch/distributed/launcher/api.py", line 138, in __call__
    return launch_agent(self._config, self._entrypoint, list(args))
           ^^^^^^^^^^^^^^^^^^^^^^^^^^^^^^^^^^^^^^^^^^^^^^^^^^^^^^^^
  File "/rwthfs/rz/cluster/home/yh522379/lab/piano-transformer/Moonbeam-MIDI-Foundation-Model/.venv-moonbeam/lib/python3.12/site-packages/torch/distributed/launcher/api.py", line 269, in launch_agent
    raise ChildFailedError(
torch.distributed.elastic.multiprocessing.errors.ChildFailedError: 
=======================================================
recipes/finetuning/real_finetuning_uncon_gen.py FAILED
-------------------------------------------------------
Failures:
  <NO_OTHER_FAILURES>
-------------------------------------------------------
Root Cause (first observed failure):
[0]:
  time      : 2025-06-25_08:49:09
  host      : n23g0008.hpc.itc.rwth-aachen.de
  rank      : 1 (local_rank: 1)
  exitcode  : -9 (pid: 346437)
  error_file: <N/A>
  traceback : Signal 9 (SIGKILL) received by PID 346437
=======================================================
slurmstepd: error: Detected 1 oom-kill event(s) in StepId=58376228.batch. Some of your processes may have been killed by the cgroup out-of-memory handler.
